CSCI-C323/To-Do-List-Ultra-Pro/app/build/intermediates/manifest_merge_blame_file/debug/processDebugMainManifest/manifest-merger-blame-debug-report.txt
1<?xml version="1.0" encoding="utf-8"?>
2<manifest xmlns:android="http://schemas.android.com/apk/res/android"
3    package="com.example.to_do_list"
4    android:versionCode="1"
5    android:versionName="1.0" >
6
7    <uses-sdk
8        android:minSdkVersion="24"
9        android:targetSdkVersion="34" />
10
11    <uses-permission android:name="android.permission.INTERNET" />
11-->[com.google.firebase:firebase-auth:23.1.0] AndroidManifest.xml:25:5-67
11-->[com.google.firebase:firebase-auth:23.1.0] AndroidManifest.xml:25:22-64
12    <uses-permission android:name="android.permission.ACCESS_NETWORK_STATE" />
12-->[com.google.firebase:firebase-auth:23.1.0] AndroidManifest.xml:26:5-79
12-->[com.google.firebase:firebase-auth:23.1.0] AndroidManifest.xml:26:22-76
13    <uses-permission android:name="com.google.android.providers.gsf.permission.READ_GSERVICES" />
13-->[com.google.android.recaptcha:recaptcha:18.5.1] AndroidManifest.xml:9:5-98
13-->[com.google.android.recaptcha:recaptcha:18.5.1] AndroidManifest.xml:9:22-95
14
15    <permission
15-->[androidx.core:core:1.13.1] AndroidManifest.xml:22:5-24:47
16        android:name="com.example.to_do_list.DYNAMIC_RECEIVER_NOT_EXPORTED_PERMISSION"
16-->[androidx.core:core:1.13.1] AndroidManifest.xml:23:9-81
17        android:protectionLevel="signature" />
17-->[androidx.core:core:1.13.1] AndroidManifest.xml:24:9-44
18
19    <uses-permission android:name="com.example.to_do_list.DYNAMIC_RECEIVER_NOT_EXPORTED_PERMISSION" />
19-->[androidx.core:core:1.13.1] AndroidManifest.xml:26:5-97
19-->[androidx.core:core:1.13.1] AndroidManifest.xml:26:22-94
20
21    <application
21-->src\main\AndroidManifest.xml:5:5-28:19
22        android:allowBackup="true"
22-->src\main\AndroidManifest.xml:6:9-35
23        android:appComponentFactory="androidx.core.app.CoreComponentFactory"
23-->[androidx.core:core:1.13.1] AndroidManifest.xml:28:18-86
24        android:dataExtractionRules="@xml/data_extraction_rules"
24-->src\main\AndroidManifest.xml:7:9-65
25        android:debuggable="true"
26        android:extractNativeLibs="false"
27        android:fullBackupContent="@xml/backup_rules"
27-->src\main\AndroidManifest.xml:8:9-54
28        android:icon="@mipmap/ic_launcher"
28-->src\main\AndroidManifest.xml:9:9-43
29        android:label="@string/app_name"
29-->src\main\AndroidManifest.xml:10:9-41
30        android:roundIcon="@mipmap/ic_launcher_round"
30-->src\main\AndroidManifest.xml:11:9-54
31        android:supportsRtl="true"
31-->src\main\AndroidManifest.xml:12:9-35
32        android:testOnly="true"
33        android:theme="@style/Theme.ToDoList" >
33-->src\main\AndroidManifest.xml:13:9-46
34        <activity
34-->src\main\AndroidManifest.xml:15:9-23:20
35            android:name="com.example.to_do_list.MainActivity"
35-->src\main\AndroidManifest.xml:16:13-41
36            android:exported="true" >
36-->src\main\AndroidManifest.xml:17:13-36
37            <intent-filter>
37-->src\main\AndroidManifest.xml:18:13-22:29
38                <action android:name="android.intent.action.MAIN" />
38-->src\main\AndroidManifest.xml:19:17-69
38-->src\main\AndroidManifest.xml:19:25-66
39
40                <category android:name="android.intent.category.LAUNCHER" />
40-->src\main\AndroidManifest.xml:21:17-77
40-->src\main\AndroidManifest.xml:21:27-74
41            </intent-filter>
42        </activity>
43        <activity android:name="com.example.to_do_list.AddTaskActivity" />
43-->src\main\AndroidManifest.xml:24:9-53
43-->src\main\AndroidManifest.xml:24:19-50
44        <activity android:name="com.example.to_do_list.TaskDetailActivity" />
44-->src\main\AndroidManifest.xml:25:9-56
44-->src\main\AndroidManifest.xml:25:19-53
45        <activity android:name="com.example.to_do_list.LoginActivity" />
45-->src\main\AndroidManifest.xml:26:9-51
45-->src\main\AndroidManifest.xml:26:19-48
46        <activity android:name="com.example.to_do_list.RegisterActivity" />
46-->src\main\AndroidManifest.xml:27:9-54
46-->src\main\AndroidManifest.xml:27:19-51
47
48        <service
48-->[com.google.firebase:firebase-auth-ktx:23.1.0] AndroidManifest.xml:8:9-14:19
49            android:name="com.google.firebase.components.ComponentDiscoveryService"
49-->[com.google.firebase:firebase-auth-ktx:23.1.0] AndroidManifest.xml:9:13-84
50            android:directBootAware="true"
50-->[com.google.firebase:firebase-common:21.0.0] AndroidManifest.xml:32:13-43
51            android:exported="false" >
51-->[com.google.firebase:firebase-auth-ktx:23.1.0] AndroidManifest.xml:10:13-37
52            <meta-data
52-->[com.google.firebase:firebase-auth-ktx:23.1.0] AndroidManifest.xml:11:13-13:85
53                android:name="com.google.firebase.components:com.google.firebase.auth.ktx.FirebaseAuthLegacyRegistrar"
53-->[com.google.firebase:firebase-auth-ktx:23.1.0] AndroidManifest.xml:12:17-119
54                android:value="com.google.firebase.components.ComponentRegistrar" />
54-->[com.google.firebase:firebase-auth-ktx:23.1.0] AndroidManifest.xml:13:17-82
55            <meta-data
55-->[com.google.firebase:firebase-auth:23.1.0] AndroidManifest.xml:69:13-71:85
56                android:name="com.google.firebase.components:com.google.firebase.auth.FirebaseAuthRegistrar"
56-->[com.google.firebase:firebase-auth:23.1.0] AndroidManifest.xml:70:17-109
57                android:value="com.google.firebase.components.ComponentRegistrar" />
57-->[com.google.firebase:firebase-auth:23.1.0] AndroidManifest.xml:71:17-82
58            <meta-data
58-->[com.google.firebase:firebase-firestore:25.1.1] AndroidManifest.xml:17:13-19:85
59                android:name="com.google.firebase.components:com.google.firebase.firestore.FirebaseFirestoreKtxRegistrar"
59-->[com.google.firebase:firebase-firestore:25.1.1] AndroidManifest.xml:18:17-122
60                android:value="com.google.firebase.components.ComponentRegistrar" />
60-->[com.google.firebase:firebase-firestore:25.1.1] AndroidManifest.xml:19:17-82
61            <meta-data
61-->[com.google.firebase:firebase-firestore:25.1.1] AndroidManifest.xml:20:13-22:85
62                android:name="com.google.firebase.components:com.google.firebase.firestore.FirestoreRegistrar"
62-->[com.google.firebase:firebase-firestore:25.1.1] AndroidManifest.xml:21:17-111
63                android:value="com.google.firebase.components.ComponentRegistrar" />
63-->[com.google.firebase:firebase-firestore:25.1.1] AndroidManifest.xml:22:17-82
64            <meta-data
64-->[com.google.firebase:firebase-common-ktx:21.0.0] AndroidManifest.xml:12:13-14:85
65                android:name="com.google.firebase.components:com.google.firebase.ktx.FirebaseCommonLegacyRegistrar"
65-->[com.google.firebase:firebase-common-ktx:21.0.0] AndroidManifest.xml:13:17-116
66                android:value="com.google.firebase.components.ComponentRegistrar" />
66-->[com.google.firebase:firebase-common-ktx:21.0.0] AndroidManifest.xml:14:17-82
67            <meta-data
67-->[com.google.firebase:firebase-common:21.0.0] AndroidManifest.xml:35:13-37:85
68                android:name="com.google.firebase.components:com.google.firebase.FirebaseCommonKtxRegistrar"
68-->[com.google.firebase:firebase-common:21.0.0] AndroidManifest.xml:36:17-109
69                android:value="com.google.firebase.components.ComponentRegistrar" />
69-->[com.google.firebase:firebase-common:21.0.0] AndroidManifest.xml:37:17-82
70        </service>
71
72        <activity
72-->[com.google.firebase:firebase-auth:23.1.0] AndroidManifest.xml:29:9-46:20
73            android:name="com.google.firebase.auth.internal.GenericIdpActivity"
73-->[com.google.firebase:firebase-auth:23.1.0] AndroidManifest.xml:30:13-80
74            android:excludeFromRecents="true"
74-->[com.google.firebase:firebase-auth:23.1.0] AndroidManifest.xml:31:13-46
75            android:exported="true"
75-->[com.google.firebase:firebase-auth:23.1.0] AndroidManifest.xml:32:13-36
76            android:launchMode="singleTask"
76-->[com.google.firebase:firebase-auth:23.1.0] AndroidManifest.xml:33:13-44
77            android:theme="@android:style/Theme.Translucent.NoTitleBar" >
77-->[com.google.firebase:firebase-auth:23.1.0] AndroidManifest.xml:34:13-72
78            <intent-filter>
78-->[com.google.firebase:firebase-auth:23.1.0] AndroidManifest.xml:35:13-45:29
79                <action android:name="android.intent.action.VIEW" />
79-->[com.google.firebase:firebase-auth:23.1.0] AndroidManifest.xml:36:17-69
79-->[com.google.firebase:firebase-auth:23.1.0] AndroidManifest.xml:36:25-66
80
81                <category android:name="android.intent.category.DEFAULT" />
81-->[com.google.firebase:firebase-auth:23.1.0] AndroidManifest.xml:38:17-76
81-->[com.google.firebase:firebase-auth:23.1.0] AndroidManifest.xml:38:27-73
82                <category android:name="android.intent.category.BROWSABLE" />
82-->[com.google.firebase:firebase-auth:23.1.0] AndroidManifest.xml:39:17-78
82-->[com.google.firebase:firebase-auth:23.1.0] AndroidManifest.xml:39:27-75
83
84                <data
84-->[com.google.firebase:firebase-auth:23.1.0] AndroidManifest.xml:41:17-44:51
85                    android:host="firebase.auth"
85-->[com.google.firebase:firebase-auth:23.1.0] AndroidManifest.xml:42:21-49
86                    android:path="/"
86-->[com.google.firebase:firebase-auth:23.1.0] AndroidManifest.xml:43:21-37
87                    android:scheme="genericidp" />
87-->[com.google.firebase:firebase-auth:23.1.0] AndroidManifest.xml:44:21-48
88            </intent-filter>
89        </activity>
90        <activity
90-->[com.google.firebase:firebase-auth:23.1.0] AndroidManifest.xml:47:9-64:20
91            android:name="com.google.firebase.auth.internal.RecaptchaActivity"
91-->[com.google.firebase:firebase-auth:23.1.0] AndroidManifest.xml:48:13-79
92            android:excludeFromRecents="true"
92-->[com.google.firebase:firebase-auth:23.1.0] AndroidManifest.xml:49:13-46
93            android:exported="true"
93-->[com.google.firebase:firebase-auth:23.1.0] AndroidManifest.xml:50:13-36
94            android:launchMode="singleTask"
94-->[com.google.firebase:firebase-auth:23.1.0] AndroidManifest.xml:51:13-44
95            android:theme="@android:style/Theme.Translucent.NoTitleBar" >
95-->[com.google.firebase:firebase-auth:23.1.0] AndroidManifest.xml:52:13-72
96            <intent-filter>
96-->[com.google.firebase:firebase-auth:23.1.0] AndroidManifest.xml:53:13-63:29
97                <action android:name="android.intent.action.VIEW" />
97-->[com.google.firebase:firebase-auth:23.1.0] AndroidManifest.xml:36:17-69
97-->[com.google.firebase:firebase-auth:23.1.0] AndroidManifest.xml:36:25-66
98
99                <category android:name="android.intent.category.DEFAULT" />
99-->[com.google.firebase:firebase-auth:23.1.0] AndroidManifest.xml:38:17-76
99-->[com.google.firebase:firebase-auth:23.1.0] AndroidManifest.xml:38:27-73
100                <category android:name="android.intent.category.BROWSABLE" />
100-->[com.google.firebase:firebase-auth:23.1.0] AndroidManifest.xml:39:17-78
100-->[com.google.firebase:firebase-auth:23.1.0] AndroidManifest.xml:39:27-75
101
102                <data
102-->[com.google.firebase:firebase-auth:23.1.0] AndroidManifest.xml:41:17-44:51
103                    android:host="firebase.auth"
103-->[com.google.firebase:firebase-auth:23.1.0] AndroidManifest.xml:42:21-49
104                    android:path="/"
104-->[com.google.firebase:firebase-auth:23.1.0] AndroidManifest.xml:43:21-37
105                    android:scheme="recaptcha" />
105-->[com.google.firebase:firebase-auth:23.1.0] AndroidManifest.xml:44:21-48
106            </intent-filter>
107        </activity>
108
109        <service
109-->[androidx.credentials:credentials-play-services-auth:1.2.0-rc01] AndroidManifest.xml:24:9-32:19
110            android:name="androidx.credentials.playservices.CredentialProviderMetadataHolder"
110-->[androidx.credentials:credentials-play-services-auth:1.2.0-rc01] AndroidManifest.xml:25:13-94
111            android:enabled="true"
111-->[androidx.credentials:credentials-play-services-auth:1.2.0-rc01] AndroidManifest.xml:26:13-35
112            android:exported="false" >
112-->[androidx.credentials:credentials-play-services-auth:1.2.0-rc01] AndroidManifest.xml:27:13-37
113            <meta-data
113-->[androidx.credentials:credentials-play-services-auth:1.2.0-rc01] AndroidManifest.xml:29:13-31:104
114                android:name="androidx.credentials.CREDENTIAL_PROVIDER_KEY"
114-->[androidx.credentials:credentials-play-services-auth:1.2.0-rc01] AndroidManifest.xml:30:17-76
115                android:value="androidx.credentials.playservices.CredentialProviderPlayServicesImpl" />
115-->[androidx.credentials:credentials-play-services-auth:1.2.0-rc01] AndroidManifest.xml:31:17-101
116        </service>
117
118        <activity
118-->[androidx.credentials:credentials-play-services-auth:1.2.0-rc01] AndroidManifest.xml:34:9-41:20
119            android:name="androidx.credentials.playservices.HiddenActivity"
119-->[androidx.credentials:credentials-play-services-auth:1.2.0-rc01] AndroidManifest.xml:35:13-76
120            android:configChanges="orientation|screenSize|screenLayout|keyboardHidden"
120-->[androidx.credentials:credentials-play-services-auth:1.2.0-rc01] AndroidManifest.xml:36:13-87
121            android:enabled="true"
121-->[androidx.credentials:credentials-play-services-auth:1.2.0-rc01] AndroidManifest.xml:37:13-35
122            android:exported="false"
122-->[androidx.credentials:credentials-play-services-auth:1.2.0-rc01] AndroidManifest.xml:38:13-37
123            android:fitsSystemWindows="true"
123-->[androidx.credentials:credentials-play-services-auth:1.2.0-rc01] AndroidManifest.xml:39:13-45
124            android:theme="@style/Theme.Hidden" >
124-->[androidx.credentials:credentials-play-services-auth:1.2.0-rc01] AndroidManifest.xml:40:13-48
125        </activity>
126
127        <provider
127-->[com.google.firebase:firebase-common:21.0.0] AndroidManifest.xml:23:9-28:39
128            android:name="com.google.firebase.provider.FirebaseInitProvider"
128-->[com.google.firebase:firebase-common:21.0.0] AndroidManifest.xml:24:13-77
129            android:authorities="com.example.to_do_list.firebaseinitprovider"
129-->[com.google.firebase:firebase-common:21.0.0] AndroidManifest.xml:25:13-72
130            android:directBootAware="true"
130-->[com.google.firebase:firebase-common:21.0.0] AndroidManifest.xml:26:13-43
131            android:exported="false"
131-->[com.google.firebase:firebase-common:21.0.0] AndroidManifest.xml:27:13-37
132            android:initOrder="100" />
132-->[com.google.firebase:firebase-common:21.0.0] AndroidManifest.xml:28:13-36
133
134        <activity
134-->[com.google.android.gms:play-services-auth:20.7.0] AndroidManifest.xml:23:9-27:75
135            android:name="com.google.android.gms.auth.api.signin.internal.SignInHubActivity"
135-->[com.google.android.gms:play-services-auth:20.7.0] AndroidManifest.xml:24:13-93
136            android:excludeFromRecents="true"
136-->[com.google.android.gms:play-services-auth:20.7.0] AndroidManifest.xml:25:13-46
137            android:exported="false"
137-->[com.google.android.gms:play-services-auth:20.7.0] AndroidManifest.xml:26:13-37
138            android:theme="@android:style/Theme.Translucent.NoTitleBar" />
138-->[com.google.android.gms:play-services-auth:20.7.0] AndroidManifest.xml:27:13-72
139        <!--
140            Service handling Google Sign-In user revocation. For apps that do not integrate with
141            Google Sign-In, this service will never be started.
142        -->
143        <service
143-->[com.google.android.gms:play-services-auth:20.7.0] AndroidManifest.xml:33:9-37:51
144            android:name="com.google.android.gms.auth.api.signin.RevocationBoundService"
144-->[com.google.android.gms:play-services-auth:20.7.0] AndroidManifest.xml:34:13-89
145            android:exported="true"
145-->[com.google.android.gms:play-services-auth:20.7.0] AndroidManifest.xml:35:13-36
146            android:permission="com.google.android.gms.auth.api.signin.permission.REVOCATION_NOTIFICATION"
146-->[com.google.android.gms:play-services-auth:20.7.0] AndroidManifest.xml:36:13-107
147            android:visibleToInstantApps="true" />
147-->[com.google.android.gms:play-services-auth:20.7.0] AndroidManifest.xml:37:13-48
148
149        <activity
149-->[com.google.android.gms:play-services-base:18.0.1] AndroidManifest.xml:20:9-22:45
150            android:name="com.google.android.gms.common.api.GoogleApiActivity"
150-->[com.google.android.gms:play-services-base:18.0.1] AndroidManifest.xml:20:19-85
151            android:exported="false"
151-->[com.google.android.gms:play-services-base:18.0.1] AndroidManifest.xml:22:19-43
152            android:theme="@android:style/Theme.Translucent.NoTitleBar" />
152-->[com.google.android.gms:play-services-base:18.0.1] AndroidManifest.xml:21:19-78
153
154        <meta-data
154-->[com.google.android.gms:play-services-basement:18.4.0] AndroidManifest.xml:6:9-122
155            android:name="com.google.android.gms.version"
155-->[com.google.android.gms:play-services-basement:18.4.0] AndroidManifest.xml:6:20-65
156            android:value="@integer/google_play_services_version" />
156-->[com.google.android.gms:play-services-basement:18.4.0] AndroidManifest.xml:6:66-119
157
158        <provider
158-->[androidx.emoji2:emoji2:1.3.0] AndroidManifest.xml:24:9-32:20
159            android:name="androidx.startup.InitializationProvider"
159-->[androidx.emoji2:emoji2:1.3.0] AndroidManifest.xml:25:13-67
160            android:authorities="com.example.to_do_list.androidx-startup"
160-->[androidx.emoji2:emoji2:1.3.0] AndroidManifest.xml:26:13-68
161            android:exported="false" >
161-->[androidx.emoji2:emoji2:1.3.0] AndroidManifest.xml:27:13-37
162            <meta-data
162-->[androidx.emoji2:emoji2:1.3.0] AndroidManifest.xml:29:13-31:52
163                android:name="androidx.emoji2.text.EmojiCompatInitializer"
163-->[androidx.emoji2:emoji2:1.3.0] AndroidManifest.xml:30:17-75
164                android:value="androidx.startup" />
164-->[androidx.emoji2:emoji2:1.3.0] AndroidManifest.xml:31:17-49
165            <meta-data
165-->[androidx.lifecycle:lifecycle-process:2.6.2] AndroidManifest.xml:29:13-31:52
166                android:name="androidx.lifecycle.ProcessLifecycleInitializer"
166-->[androidx.lifecycle:lifecycle-process:2.6.2] AndroidManifest.xml:30:17-78
167                android:value="androidx.startup" />
167-->[androidx.lifecycle:lifecycle-process:2.6.2] AndroidManifest.xml:31:17-49
168            <meta-data
168-->[androidx.profileinstaller:profileinstaller:1.3.1] AndroidManifest.xml:29:13-31:52
169                android:name="androidx.profileinstaller.ProfileInstallerInitializer"
169-->[androidx.profileinstaller:profileinstaller:1.3.1] AndroidManifest.xml:30:17-85
170                android:value="androidx.startup" />
170-->[androidx.profileinstaller:profileinstaller:1.3.1] AndroidManifest.xml:31:17-49
171        </provider>
172
173        <receiver
173-->[androidx.profileinstaller:profileinstaller:1.3.1] AndroidManifest.xml:34:9-52:20
174            android:name="androidx.profileinstaller.ProfileInstallReceiver"
174-->[androidx.profileinstaller:profileinstaller:1.3.1] AndroidManifest.xml:35:13-76
175            android:directBootAware="false"
175-->[androidx.profileinstaller:profileinstaller:1.3.1] AndroidManifest.xml:36:13-44
176            android:enabled="true"
176-->[androidx.profileinstaller:profileinstaller:1.3.1] AndroidManifest.xml:37:13-35
177            android:exported="true"
177-->[androidx.profileinstaller:profileinstaller:1.3.1] AndroidManifest.xml:38:13-36
178            android:permission="android.permission.DUMP" >
178-->[androidx.profileinstaller:profileinstaller:1.3.1] AndroidManifest.xml:39:13-57
179            <intent-filter>
179-->[androidx.profileinstaller:profileinstaller:1.3.1] AndroidManifest.xml:40:13-42:29
180                <action android:name="androidx.profileinstaller.action.INSTALL_PROFILE" />
180-->[androidx.profileinstaller:profileinstaller:1.3.1] AndroidManifest.xml:41:17-91
180-->[androidx.profileinstaller:profileinstaller:1.3.1] AndroidManifest.xml:41:25-88
181            </intent-filter>
182            <intent-filter>
182-->[androidx.profileinstaller:profileinstaller:1.3.1] AndroidManifest.xml:43:13-45:29
183                <action android:name="androidx.profileinstaller.action.SKIP_FILE" />
183-->[androidx.profileinstaller:profileinstaller:1.3.1] AndroidManifest.xml:44:17-85
183-->[androidx.profileinstaller:profileinstaller:1.3.1] AndroidManifest.xml:44:25-82
184            </intent-filter>
185            <intent-filter>
185-->[androidx.profileinstaller:profileinstaller:1.3.1] AndroidManifest.xml:46:13-48:29
186                <action android:name="androidx.profileinstaller.action.SAVE_PROFILE" />
186-->[androidx.profileinstaller:profileinstaller:1.3.1] AndroidManifest.xml:47:17-88
186-->[androidx.profileinstaller:profileinstaller:1.3.1] AndroidManifest.xml:47:25-85
187            </intent-filter>
188            <intent-filter>
188-->[androidx.profileinstaller:profileinstaller:1.3.1] AndroidManifest.xml:49:13-51:29
189                <action android:name="androidx.profileinstaller.action.BENCHMARK_OPERATION" />
189-->[androidx.profileinstaller:profileinstaller:1.3.1] AndroidManifest.xml:50:17-95
189-->[androidx.profileinstaller:profileinstaller:1.3.1] AndroidManifest.xml:50:25-92
190            </intent-filter>
191        </receiver> <!-- The activities will be merged into the manifest of the hosting app. -->
192        <activity
192-->[com.google.android.play:core-common:2.0.3] AndroidManifest.xml:14:9-18:65
193            android:name="com.google.android.play.core.common.PlayCoreDialogWrapperActivity"
193-->[com.google.android.play:core-common:2.0.3] AndroidManifest.xml:15:13-93
194            android:exported="false"
194-->[com.google.android.play:core-common:2.0.3] AndroidManifest.xml:16:13-37
195            android:stateNotNeeded="true"
195-->[com.google.android.play:core-common:2.0.3] AndroidManifest.xml:17:13-42
196            android:theme="@style/Theme.PlayCore.Transparent" />
196-->[com.google.android.play:core-common:2.0.3] AndroidManifest.xml:18:13-62
197    </application>
198
199</manifest>